<?xml version="1.0" encoding="UTF-8"?>
<!-- Generated by org.testng.reporters.JUnitReportReporter -->
<testsuite hostname="JELTEX4" failures="0" tests="1" name="testcases.Newtest" time="5.424" errors="0" timestamp="2023-12-01T07:30:03 IST" skipped="0">
  <testcase classname="testcases.Newtest" name="login" time="5.424"/>
  <system-out/>
</testsuite> <!-- testcases.Newtest -->
